This is pdfTeX, Version 3.14159265-2.6-1.40.17 (MiKTeX 2.9.6100) (preloaded format=pdflatex 2017.1.14)  8 JUL 2017 11:40
entering extended mode
**"./ML beginner tutorial.tex"
("ML beginner tutorial.tex"
LaTeX2e <2016/03/31> patch level 3
Babel <3.9r> and hyphenation patterns for 75 language(s) loaded.

("C:\Users\sathish\Desktop\LaTeX\Portable LaTeXCH2017\texmfs\install\tex\latex\
ascelike\ascelike.cls"

Document Class: ascelike 2013/2/14 Version 2.3 ASCE-like manuscripts (Am. Soc. 
Civ. Engr.)


("C:\Users\sathish\Desktop\LaTeX\Portable LaTeXCH2017\texmfs\install\tex\latex\
base\ifthen.sty"
Package: ifthen 2014/09/29 v1.1c Standard LaTeX ifthen package (DPC)
)
("C:\Users\sathish\Desktop\LaTeX\Portable LaTeXCH2017\texmfs\install\tex\latex\
base\article.cls"
Document Class: article 2014/09/29 v1.4h Standard LaTeX document class

("C:\Users\sathish\Desktop\LaTeX\Portable LaTeXCH2017\texmfs\install\tex\latex\
base\size12.clo"
File: size12.clo 2014/09/29 v1.4h Standard LaTeX file (size option)
)
\c@part=\count79
\c@section=\count80
\c@subsection=\count81
\c@subsubsection=\count82
\c@paragraph=\count83
\c@subparagraph=\count84
\c@figure=\count85
\c@table=\count86
\abovecaptionskip=\skip41
\belowcaptionskip=\skip42
\bibindent=\dimen102
)

(1) A "Proceedings" old-style manuscript will be produced
(2) Figures and Tables will be placed within the text of the manuscript (change
 with the 'BackFigs' option)
(3) Text will be single spaced (change with the 'DoubleSpace' option)
(4) Text will be 12pt (change with the '10pt', '11pt', & '12pt' options)
(5) Line numbers will not be placed alonside the text (change with the 'LineNum
bers' option)

\c@enumnoo=\count87
\TempBoxb=\box26
\TempBoxl=\skip43
\Abovecaptionrule=\skip44
)
("C:\Users\sathish\Desktop\LaTeX\Portable LaTeXCH2017\texmfs\install\tex\latex\
graphics\graphicx.sty"
Package: graphicx 2014/10/28 v1.0g Enhanced LaTeX Graphics (DPC,SPQR)

("C:\Users\sathish\Desktop\LaTeX\Portable LaTeXCH2017\texmfs\install\tex\latex\
graphics\keyval.sty"
Package: keyval 2014/10/28 v1.15 key=value parser (DPC)
\KV@toks@=\toks14
)
("C:\Users\sathish\Desktop\LaTeX\Portable LaTeXCH2017\texmfs\install\tex\latex\
graphics\graphics.sty"
Package: graphics 2016/07/10 v1.0t Standard LaTeX Graphics (DPC,SPQR)

("C:\Users\sathish\Desktop\LaTeX\Portable LaTeXCH2017\texmfs\install\tex\latex\
graphics\trig.sty"
Package: trig 2016/01/03 v1.10 sin cos tan (DPC)
)
("C:\Users\sathish\Desktop\LaTeX\Portable LaTeXCH2017\texmfs\install\tex\latex\
graphics-cfg\graphics.cfg"
File: graphics.cfg 2016/06/04 v1.11 sample graphics configuration
)
Package graphics Info: Driver file: pdftex.def on input line 99.

("C:\Users\sathish\Desktop\LaTeX\Portable LaTeXCH2017\texmfs\install\tex\latex\
graphics-def\pdftex.def"
File: pdftex.def 2016/07/10 v0.06j Graphics/color for pdfTeX

("C:\Users\sathish\Desktop\LaTeX\Portable LaTeXCH2017\texmfs\install\tex\generi
c\oberdiek\infwarerr.sty"
Package: infwarerr 2016/05/16 v1.4 Providing info/warning/error messages (HO)
)
("C:\Users\sathish\Desktop\LaTeX\Portable LaTeXCH2017\texmfs\install\tex\generi
c\oberdiek\ltxcmds.sty"
Package: ltxcmds 2016/05/16 v1.23 LaTeX kernel commands for general use (HO)
)
\Gread@gobject=\count88
))
\Gin@req@height=\dimen103
\Gin@req@width=\dimen104
)
("C:\Users\sathish\Desktop\LaTeX\Portable LaTeXCH2017\texmfs\install\tex\latex\
subfigure\subfigure.sty"
Package: subfigure 2002/07/30 v2.1.4 subfigure package
\subfigtopskip=\skip45
\subfigcapskip=\skip46
\subfigcaptopadj=\dimen105
\subfigbottomskip=\skip47
\subfigcapmargin=\dimen106
\subfiglabelskip=\skip48
\c@subfigure=\count89
\c@lofdepth=\count90
\c@subtable=\count91
\c@lotdepth=\count92

****************************************
* Local config file subfigure.cfg used *
****************************************

("C:\Users\sathish\Desktop\LaTeX\Portable LaTeXCH2017\texmfs\install\tex\latex\
subfigure\subfigure.cfg")
\subfig@top=\skip49
\subfig@bottom=\skip50
)
("C:\Users\sathish\Desktop\LaTeX\Portable LaTeXCH2017\texmfs\install\tex\latex\
amsmath\amsmath.sty"
Package: amsmath 2016/06/28 v2.15d AMS math features
\@mathmargin=\skip51

For additional information on amsmath, use the `?' option.

("C:\Users\sathish\Desktop\LaTeX\Portable LaTeXCH2017\texmfs\install\tex\latex\
amsmath\amstext.sty"
Package: amstext 2000/06/29 v2.01 AMS text

("C:\Users\sathish\Desktop\LaTeX\Portable LaTeXCH2017\texmfs\install\tex\latex\
amsmath\amsgen.sty"
File: amsgen.sty 1999/11/30 v2.0 generic functions
\@emptytoks=\toks15
\ex@=\dimen107
))
("C:\Users\sathish\Desktop\LaTeX\Portable LaTeXCH2017\texmfs\install\tex\latex\
amsmath\amsbsy.sty"
Package: amsbsy 1999/11/29 v1.2d Bold Symbols
\pmbraise@=\dimen108
)
("C:\Users\sathish\Desktop\LaTeX\Portable LaTeXCH2017\texmfs\install\tex\latex\
amsmath\amsopn.sty"
Package: amsopn 2016/03/08 v2.02 operator names
)
\inf@bad=\count93
LaTeX Info: Redefining \frac on input line 199.
\uproot@=\count94
\leftroot@=\count95
LaTeX Info: Redefining \overline on input line 297.
\classnum@=\count96
\DOTSCASE@=\count97
LaTeX Info: Redefining \ldots on input line 394.
LaTeX Info: Redefining \dots on input line 397.
LaTeX Info: Redefining \cdots on input line 518.
\Mathstrutbox@=\box27
\strutbox@=\box28
\big@size=\dimen109
LaTeX Font Info:    Redeclaring font encoding OML on input line 634.
LaTeX Font Info:    Redeclaring font encoding OMS on input line 635.
\macc@depth=\count98
\c@MaxMatrixCols=\count99
\dotsspace@=\muskip10
\c@parentequation=\count100
\dspbrk@lvl=\count101
\tag@help=\toks16
\row@=\count102
\column@=\count103
\maxfields@=\count104
\andhelp@=\toks17
\eqnshift@=\dimen110
\alignsep@=\dimen111
\tagshift@=\dimen112
\tagwidth@=\dimen113
\totwidth@=\dimen114
\lineht@=\dimen115
\@envbody=\toks18
\multlinegap=\skip52
\multlinetaggap=\skip53
\mathdisplay@stack=\toks19
LaTeX Info: Redefining \[ on input line 2739.
LaTeX Info: Redefining \] on input line 2740.
)
("C:\Users\sathish\Desktop\LaTeX\Portable LaTeXCH2017\texmfs\install\tex\latex\
amsfonts\amsfonts.sty"
Package: amsfonts 2013/01/14 v3.01 Basic AMSFonts support
\symAMSa=\mathgroup4
\symAMSb=\mathgroup5
LaTeX Font Info:    Overwriting math alphabet `\mathfrak' in version `bold'
(Font)                  U/euf/m/n --> U/euf/b/n on input line 106.
)
("C:\Users\sathish\Desktop\LaTeX\Portable LaTeXCH2017\texmfs\install\tex\latex\
amsfonts\amssymb.sty"
Package: amssymb 2013/01/14 v3.01 AMS font symbols
)
("C:\Users\sathish\Desktop\LaTeX\Portable LaTeXCH2017\texmfs\install\tex\latex\
psnfss\times.sty"
Package: times 2005/04/12 PSNFSS-v9.2a (SPQR) 
)
("C:\Users\sathish\Desktop\LaTeX\Portable LaTeXCH2017\texmfs\install\tex\latex\
blindtext\blindtext.sty"
Package: blindtext 2012/01/06 V2.0 blindtext-Package

("C:\Users\sathish\Desktop\LaTeX\Portable LaTeXCH2017\texmfs\install\tex\latex\
tools\xspace.sty"
Package: xspace 2014/10/28 v1.13 Space after command names (DPC,MH)
)
\c@blindtext=\count105
\c@Blindtext=\count106
\c@blind@countparstart=\count107
\blind@countxx=\count108
\blindtext@numBlindtext=\count109
\blind@countyy=\count110
\c@blindlist=\count111
\c@blindlistlevel=\count112
\c@blindlist@level=\count113
\blind@listitem=\count114
\c@blind@listcount=\count115
\c@blind@levelcount=\count116
\blind@mathformula=\count117
\blind@Mathformula=\count118
\c@blind@randomcount=\count119
\c@blind@randommax=\count120
\c@blind@pangramcount=\count121
\c@blind@pangrammax=\count122
)
("C:\Users\sathish\Desktop\LaTeX\Portable LaTeXCH2017\texmfs\install\tex\generi
c\babel\babel.sty"
Package: babel 2016/04/23 3.9r The Babel package

*************************************
* Local config file bblopts.cfg used
*

("C:\Users\sathish\Desktop\LaTeX\Portable LaTeXCH2017\texmfs\install\tex\latex\
arabi\bblopts.cfg"
File: bblopts.cfg 2005/09/08 v0.1 add Arabic and Farsi to "declared" options of
 babel
)
("C:\Users\sathish\Desktop\LaTeX\Portable LaTeXCH2017\texmfs\install\tex\latex\
babel-english\english.ldf"
Language: english 2012/08/20 v3.3p English support from the babel system

("C:\Users\sathish\Desktop\LaTeX\Portable LaTeXCH2017\texmfs\install\tex\generi
c\babel\babel.def"
File: babel.def 2016/04/23 3.9r Babel common definitions
\babel@savecnt=\count123
\U@D=\dimen116
)
\l@canadian = a dialect from \language\l@american 
\l@australian = a dialect from \language\l@british 
\l@newzealand = a dialect from \language\l@british 
))
("C:\Users\sathish\Desktop\LaTeX\Portable LaTeXCH2017\texmfs\install\tex\latex\
base\inputenc.sty"
Package: inputenc 2015/03/17 v1.2c Input encoding file
\inpenc@prehook=\toks20
\inpenc@posthook=\toks21

("C:\Users\sathish\Desktop\LaTeX\Portable LaTeXCH2017\texmfs\install\tex\latex\
base\utf8.def"
File: utf8.def 2016/02/28 v1.1s UTF-8 support for inputenc
Now handling font encoding OML ...
... no UTF-8 mapping file for font encoding OML
Now handling font encoding T1 ...
... processing UTF-8 mapping file for font encoding T1

("C:\Users\sathish\Desktop\LaTeX\Portable LaTeXCH2017\texmfs\install\tex\latex\
base\t1enc.dfu"
File: t1enc.dfu 2016/02/28 v1.1s UTF-8 support for inputenc
   defining Unicode char U+00A0 (decimal 160)
   defining Unicode char U+00A1 (decimal 161)
   defining Unicode char U+00A3 (decimal 163)
   defining Unicode char U+00AB (decimal 171)
   defining Unicode char U+00AD (decimal 173)
   defining Unicode char U+00BB (decimal 187)
   defining Unicode char U+00BF (decimal 191)
   defining Unicode char U+00C0 (decimal 192)
   defining Unicode char U+00C1 (decimal 193)
   defining Unicode char U+00C2 (decimal 194)
   defining Unicode char U+00C3 (decimal 195)
   defining Unicode char U+00C4 (decimal 196)
   defining Unicode char U+00C5 (decimal 197)
   defining Unicode char U+00C6 (decimal 198)
   defining Unicode char U+00C7 (decimal 199)
   defining Unicode char U+00C8 (decimal 200)
   defining Unicode char U+00C9 (decimal 201)
   defining Unicode char U+00CA (decimal 202)
   defining Unicode char U+00CB (decimal 203)
   defining Unicode char U+00CC (decimal 204)
   defining Unicode char U+00CD (decimal 205)
   defining Unicode char U+00CE (decimal 206)
   defining Unicode char U+00CF (decimal 207)
   defining Unicode char U+00D0 (decimal 208)
   defining Unicode char U+00D1 (decimal 209)
   defining Unicode char U+00D2 (decimal 210)
   defining Unicode char U+00D3 (decimal 211)
   defining Unicode char U+00D4 (decimal 212)
   defining Unicode char U+00D5 (decimal 213)
   defining Unicode char U+00D6 (decimal 214)
   defining Unicode char U+00D8 (decimal 216)
   defining Unicode char U+00D9 (decimal 217)
   defining Unicode char U+00DA (decimal 218)
   defining Unicode char U+00DB (decimal 219)
   defining Unicode char U+00DC (decimal 220)
   defining Unicode char U+00DD (decimal 221)
   defining Unicode char U+00DE (decimal 222)
   defining Unicode char U+00DF (decimal 223)
   defining Unicode char U+00E0 (decimal 224)
   defining Unicode char U+00E1 (decimal 225)
   defining Unicode char U+00E2 (decimal 226)
   defining Unicode char U+00E3 (decimal 227)
   defining Unicode char U+00E4 (decimal 228)
   defining Unicode char U+00E5 (decimal 229)
   defining Unicode char U+00E6 (decimal 230)
   defining Unicode char U+00E7 (decimal 231)
   defining Unicode char U+00E8 (decimal 232)
   defining Unicode char U+00E9 (decimal 233)
   defining Unicode char U+00EA (decimal 234)
   defining Unicode char U+00EB (decimal 235)
   defining Unicode char U+00EC (decimal 236)
   defining Unicode char U+00ED (decimal 237)
   defining Unicode char U+00EE (decimal 238)
   defining Unicode char U+00EF (decimal 239)
   defining Unicode char U+00F0 (decimal 240)
   defining Unicode char U+00F1 (decimal 241)
   defining Unicode char U+00F2 (decimal 242)
   defining Unicode char U+00F3 (decimal 243)
   defining Unicode char U+00F4 (decimal 244)
   defining Unicode char U+00F5 (decimal 245)
   defining Unicode char U+00F6 (decimal 246)
   defining Unicode char U+00F8 (decimal 248)
   defining Unicode char U+00F9 (decimal 249)
   defining Unicode char U+00FA (decimal 250)
   defining Unicode char U+00FB (decimal 251)
   defining Unicode char U+00FC (decimal 252)
   defining Unicode char U+00FD (decimal 253)
   defining Unicode char U+00FE (decimal 254)
   defining Unicode char U+00FF (decimal 255)
   defining Unicode char U+0100 (decimal 256)
   defining Unicode char U+0101 (decimal 257)
   defining Unicode char U+0102 (decimal 258)
   defining Unicode char U+0103 (decimal 259)
   defining Unicode char U+0104 (decimal 260)
   defining Unicode char U+0105 (decimal 261)
   defining Unicode char U+0106 (decimal 262)
   defining Unicode char U+0107 (decimal 263)
   defining Unicode char U+0108 (decimal 264)
   defining Unicode char U+0109 (decimal 265)
   defining Unicode char U+010A (decimal 266)
   defining Unicode char U+010B (decimal 267)
   defining Unicode char U+010C (decimal 268)
   defining Unicode char U+010D (decimal 269)
   defining Unicode char U+010E (decimal 270)
   defining Unicode char U+010F (decimal 271)
   defining Unicode char U+0110 (decimal 272)
   defining Unicode char U+0111 (decimal 273)
   defining Unicode char U+0112 (decimal 274)
   defining Unicode char U+0113 (decimal 275)
   defining Unicode char U+0114 (decimal 276)
   defining Unicode char U+0115 (decimal 277)
   defining Unicode char U+0116 (decimal 278)
   defining Unicode char U+0117 (decimal 279)
   defining Unicode char U+0118 (decimal 280)
   defining Unicode char U+0119 (decimal 281)
   defining Unicode char U+011A (decimal 282)
   defining Unicode char U+011B (decimal 283)
   defining Unicode char U+011C (decimal 284)
   defining Unicode char U+011D (decimal 285)
   defining Unicode char U+011E (decimal 286)
   defining Unicode char U+011F (decimal 287)
   defining Unicode char U+0120 (decimal 288)
   defining Unicode char U+0121 (decimal 289)
   defining Unicode char U+0122 (decimal 290)
   defining Unicode char U+0123 (decimal 291)
   defining Unicode char U+0124 (decimal 292)
   defining Unicode char U+0125 (decimal 293)
   defining Unicode char U+0128 (decimal 296)
   defining Unicode char U+0129 (decimal 297)
   defining Unicode char U+012A (decimal 298)
   defining Unicode char U+012B (decimal 299)
   defining Unicode char U+012C (decimal 300)
   defining Unicode char U+012D (decimal 301)
   defining Unicode char U+012E (decimal 302)
   defining Unicode char U+012F (decimal 303)
   defining Unicode char U+0130 (decimal 304)
   defining Unicode char U+0131 (decimal 305)
   defining Unicode char U+0132 (decimal 306)
   defining Unicode char U+0133 (decimal 307)
   defining Unicode char U+0134 (decimal 308)
   defining Unicode char U+0135 (decimal 309)
   defining Unicode char U+0136 (decimal 310)
   defining Unicode char U+0137 (decimal 311)
   defining Unicode char U+0139 (decimal 313)
   defining Unicode char U+013A (decimal 314)
   defining Unicode char U+013B (decimal 315)
   defining Unicode char U+013C (decimal 316)
   defining Unicode char U+013D (decimal 317)
   defining Unicode char U+013E (decimal 318)
   defining Unicode char U+0141 (decimal 321)
   defining Unicode char U+0142 (decimal 322)
   defining Unicode char U+0143 (decimal 323)
   defining Unicode char U+0144 (decimal 324)
   defining Unicode char U+0145 (decimal 325)
   defining Unicode char U+0146 (decimal 326)
   defining Unicode char U+0147 (decimal 327)
   defining Unicode char U+0148 (decimal 328)
   defining Unicode char U+014A (decimal 330)
   defining Unicode char U+014B (decimal 331)
   defining Unicode char U+014C (decimal 332)
   defining Unicode char U+014D (decimal 333)
   defining Unicode char U+014E (decimal 334)
   defining Unicode char U+014F (decimal 335)
   defining Unicode char U+0150 (decimal 336)
   defining Unicode char U+0151 (decimal 337)
   defining Unicode char U+0152 (decimal 338)
   defining Unicode char U+0153 (decimal 339)
   defining Unicode char U+0154 (decimal 340)
   defining Unicode char U+0155 (decimal 341)
   defining Unicode char U+0156 (decimal 342)
   defining Unicode char U+0157 (decimal 343)
   defining Unicode char U+0158 (decimal 344)
   defining Unicode char U+0159 (decimal 345)
   defining Unicode char U+015A (decimal 346)
   defining Unicode char U+015B (decimal 347)
   defining Unicode char U+015C (decimal 348)
   defining Unicode char U+015D (decimal 349)
   defining Unicode char U+015E (decimal 350)
   defining Unicode char U+015F (decimal 351)
   defining Unicode char U+0160 (decimal 352)
   defining Unicode char U+0161 (decimal 353)
   defining Unicode char U+0162 (decimal 354)
   defining Unicode char U+0163 (decimal 355)
   defining Unicode char U+0164 (decimal 356)
   defining Unicode char U+0165 (decimal 357)
   defining Unicode char U+0168 (decimal 360)
   defining Unicode char U+0169 (decimal 361)
   defining Unicode char U+016A (decimal 362)
   defining Unicode char U+016B (decimal 363)
   defining Unicode char U+016C (decimal 364)
   defining Unicode char U+016D (decimal 365)
   defining Unicode char U+016E (decimal 366)
   defining Unicode char U+016F (decimal 367)
   defining Unicode char U+0170 (decimal 368)
   defining Unicode char U+0171 (decimal 369)
   defining Unicode char U+0172 (decimal 370)
   defining Unicode char U+0173 (decimal 371)
   defining Unicode char U+0174 (decimal 372)
   defining Unicode char U+0175 (decimal 373)
   defining Unicode char U+0176 (decimal 374)
   defining Unicode char U+0177 (decimal 375)
   defining Unicode char U+0178 (decimal 376)
   defining Unicode char U+0179 (decimal 377)
   defining Unicode char U+017A (decimal 378)
   defining Unicode char U+017B (decimal 379)
   defining Unicode char U+017C (decimal 380)
   defining Unicode char U+017D (decimal 381)
   defining Unicode char U+017E (decimal 382)
   defining Unicode char U+01CD (decimal 461)
   defining Unicode char U+01CE (decimal 462)
   defining Unicode char U+01CF (decimal 463)
   defining Unicode char U+01D0 (decimal 464)
   defining Unicode char U+01D1 (decimal 465)
   defining Unicode char U+01D2 (decimal 466)
   defining Unicode char U+01D3 (decimal 467)
   defining Unicode char U+01D4 (decimal 468)
   defining Unicode char U+01E2 (decimal 482)
   defining Unicode char U+01E3 (decimal 483)
   defining Unicode char U+01E6 (decimal 486)
   defining Unicode char U+01E7 (decimal 487)
   defining Unicode char U+01E8 (decimal 488)
   defining Unicode char U+01E9 (decimal 489)
   defining Unicode char U+01EA (decimal 490)
   defining Unicode char U+01EB (decimal 491)
   defining Unicode char U+01F0 (decimal 496)
   defining Unicode char U+01F4 (decimal 500)
   defining Unicode char U+01F5 (decimal 501)
   defining Unicode char U+0218 (decimal 536)
   defining Unicode char U+0219 (decimal 537)
   defining Unicode char U+021A (decimal 538)
   defining Unicode char U+021B (decimal 539)
   defining Unicode char U+1E02 (decimal 7682)
   defining Unicode char U+1E03 (decimal 7683)
   defining Unicode char U+200C (decimal 8204)
   defining Unicode char U+2010 (decimal 8208)
   defining Unicode char U+2011 (decimal 8209)
   defining Unicode char U+2012 (decimal 8210)
   defining Unicode char U+2013 (decimal 8211)
   defining Unicode char U+2014 (decimal 8212)
   defining Unicode char U+2015 (decimal 8213)
   defining Unicode char U+2018 (decimal 8216)
   defining Unicode char U+2019 (decimal 8217)
   defining Unicode char U+201A (decimal 8218)
   defining Unicode char U+201C (decimal 8220)
   defining Unicode char U+201D (decimal 8221)
   defining Unicode char U+201E (decimal 8222)
   defining Unicode char U+2030 (decimal 8240)
   defining Unicode char U+2031 (decimal 8241)
   defining Unicode char U+2039 (decimal 8249)
   defining Unicode char U+203A (decimal 8250)
   defining Unicode char U+2423 (decimal 9251)
)
Now handling font encoding OT1 ...
... processing UTF-8 mapping file for font encoding OT1

("C:\Users\sathish\Desktop\LaTeX\Portable LaTeXCH2017\texmfs\install\tex\latex\
base\ot1enc.dfu"
File: ot1enc.dfu 2016/02/28 v1.1s UTF-8 support for inputenc
   defining Unicode char U+00A0 (decimal 160)
   defining Unicode char U+00A1 (decimal 161)
   defining Unicode char U+00A3 (decimal 163)
   defining Unicode char U+00AD (decimal 173)
   defining Unicode char U+00B8 (decimal 184)
   defining Unicode char U+00BF (decimal 191)
   defining Unicode char U+00C5 (decimal 197)
   defining Unicode char U+00C6 (decimal 198)
   defining Unicode char U+00D8 (decimal 216)
   defining Unicode char U+00DF (decimal 223)
   defining Unicode char U+00E6 (decimal 230)
   defining Unicode char U+00EC (decimal 236)
   defining Unicode char U+00ED (decimal 237)
   defining Unicode char U+00EE (decimal 238)
   defining Unicode char U+00EF (decimal 239)
   defining Unicode char U+00F8 (decimal 248)
   defining Unicode char U+0131 (decimal 305)
   defining Unicode char U+0141 (decimal 321)
   defining Unicode char U+0142 (decimal 322)
   defining Unicode char U+0152 (decimal 338)
   defining Unicode char U+0153 (decimal 339)
   defining Unicode char U+0174 (decimal 372)
   defining Unicode char U+0175 (decimal 373)
   defining Unicode char U+0176 (decimal 374)
   defining Unicode char U+0177 (decimal 375)
   defining Unicode char U+0218 (decimal 536)
   defining Unicode char U+0219 (decimal 537)
   defining Unicode char U+021A (decimal 538)
   defining Unicode char U+021B (decimal 539)
   defining Unicode char U+2013 (decimal 8211)
   defining Unicode char U+2014 (decimal 8212)
   defining Unicode char U+2018 (decimal 8216)
   defining Unicode char U+2019 (decimal 8217)
   defining Unicode char U+201C (decimal 8220)
   defining Unicode char U+201D (decimal 8221)
)
Now handling font encoding OMS ...
... processing UTF-8 mapping file for font encoding OMS

("C:\Users\sathish\Desktop\LaTeX\Portable LaTeXCH2017\texmfs\install\tex\latex\
base\omsenc.dfu"
File: omsenc.dfu 2016/02/28 v1.1s UTF-8 support for inputenc
   defining Unicode char U+00A7 (decimal 167)
   defining Unicode char U+00B6 (decimal 182)
   defining Unicode char U+00B7 (decimal 183)
   defining Unicode char U+2020 (decimal 8224)
   defining Unicode char U+2021 (decimal 8225)
   defining Unicode char U+2022 (decimal 8226)
)
Now handling font encoding OMX ...
... no UTF-8 mapping file for font encoding OMX
Now handling font encoding U ...
... no UTF-8 mapping file for font encoding U
   defining Unicode char U+00A9 (decimal 169)
   defining Unicode char U+00AA (decimal 170)
   defining Unicode char U+00AE (decimal 174)
   defining Unicode char U+00BA (decimal 186)
   defining Unicode char U+02C6 (decimal 710)
   defining Unicode char U+02DC (decimal 732)
   defining Unicode char U+200C (decimal 8204)
   defining Unicode char U+2026 (decimal 8230)
   defining Unicode char U+2122 (decimal 8482)
   defining Unicode char U+2423 (decimal 9251)
))
("C:\Users\sathish\Desktop\LaTeX\Portable LaTeXCH2017\texmfs\install\tex\latex\
listings\listings.sty"
\lst@mode=\count124
\lst@gtempboxa=\box29
\lst@token=\toks22
\lst@length=\count125
\lst@currlwidth=\dimen117
\lst@column=\count126
\lst@pos=\count127
\lst@lostspace=\dimen118
\lst@width=\dimen119
\lst@newlines=\count128
\lst@lineno=\count129
\lst@maxwidth=\dimen120

("C:\Users\sathish\Desktop\LaTeX\Portable LaTeXCH2017\texmfs\install\tex\latex\
listings\lstmisc.sty"
File: lstmisc.sty 2015/06/04 1.6 (Carsten Heinz)
\c@lstnumber=\count130
\lst@skipnumbers=\count131
\lst@framebox=\box30
)
("C:\Users\sathish\Desktop\LaTeX\Portable LaTeXCH2017\texmfs\install\tex\latex\
listings\listings.cfg"
File: listings.cfg 2015/06/04 1.6 listings configuration
))
Package: listings 2015/06/04 1.6 (Carsten Heinz)

("C:\Users\sathish\Desktop\LaTeX\Portable LaTeXCH2017\texmfs\install\tex\latex\
graphics\color.sty"
Package: color 2016/07/10 v1.1e Standard LaTeX Color (DPC)

("C:\Users\sathish\Desktop\LaTeX\Portable LaTeXCH2017\texmfs\install\tex\latex\
graphics-cfg\color.cfg"
File: color.cfg 2016/01/02 v1.6 sample color configuration
)
Package color Info: Driver file: pdftex.def on input line 147.
)
("C:\Users\sathish\Desktop\LaTeX\Portable LaTeXCH2017\texmfs\install\tex\latex\
hyperref\hyperref.sty"
Package: hyperref 2016/06/24 v6.83q Hypertext links for LaTeX

("C:\Users\sathish\Desktop\LaTeX\Portable LaTeXCH2017\texmfs\install\tex\generi
c\oberdiek\hobsub-hyperref.sty"
Package: hobsub-hyperref 2016/05/16 v1.14 Bundle oberdiek, subset hyperref (HO)


("C:\Users\sathish\Desktop\LaTeX\Portable LaTeXCH2017\texmfs\install\tex\generi
c\oberdiek\hobsub-generic.sty"
Package: hobsub-generic 2016/05/16 v1.14 Bundle oberdiek, subset generic (HO)
Package: hobsub 2016/05/16 v1.14 Construct package bundles (HO)
Package hobsub Info: Skipping package `infwarerr' (already loaded).
Package hobsub Info: Skipping package `ltxcmds' (already loaded).
Package: ifluatex 2016/05/16 v1.4 Provides the ifluatex switch (HO)
Package ifluatex Info: LuaTeX not detected.
Package: ifvtex 2016/05/16 v1.6 Detect VTeX and its facilities (HO)
Package ifvtex Info: VTeX not detected.
Package: intcalc 2016/05/16 v1.2 Expandable calculations with integers (HO)
Package: ifpdf 2016/05/14 v3.1 Provides the ifpdf switch
Package: etexcmds 2016/05/16 v1.6 Avoid name clashes with e-TeX commands (HO)
Package etexcmds Info: Could not find \expanded.
(etexcmds)             That can mean that you are not using pdfTeX 1.50 or
(etexcmds)             that some package has redefined \expanded.
(etexcmds)             In the latter case, load this package earlier.
Package: kvsetkeys 2016/05/16 v1.17 Key value parser (HO)
Package: kvdefinekeys 2016/05/16 v1.4 Define keys (HO)
Package: pdftexcmds 2016/05/21 v0.22 Utility functions of pdfTeX for LuaTeX (HO
)
Package pdftexcmds Info: LuaTeX not detected.
Package pdftexcmds Info: \pdf@primitive is available.
Package pdftexcmds Info: \pdf@ifprimitive is available.
Package pdftexcmds Info: \pdfdraftmode found.
Package: pdfescape 2016/05/16 v1.14 Implements pdfTeX's escape features (HO)
Package: bigintcalc 2016/05/16 v1.4 Expandable calculations on big integers (HO
)
Package: bitset 2016/05/16 v1.2 Handle bit-vector datatype (HO)
Package: uniquecounter 2016/05/16 v1.3 Provide unlimited unique counter (HO)
)
Package hobsub Info: Skipping package `hobsub' (already loaded).
Package: letltxmacro 2016/05/16 v1.5 Let assignment for LaTeX macros (HO)
Package: hopatch 2016/05/16 v1.3 Wrapper for package hooks (HO)
Package: xcolor-patch 2016/05/16 xcolor patch
Package: atveryend 2016/05/16 v1.9 Hooks at the very end of document (HO)
Package atveryend Info: \enddocument detected (standard20110627).
Package: atbegshi 2016/06/09 v1.18 At begin shipout hook (HO)
Package: refcount 2016/05/16 v3.5 Data extraction from label references (HO)
Package: hycolor 2016/05/16 v1.8 Color options for hyperref/bookmark (HO)
)
("C:\Users\sathish\Desktop\LaTeX\Portable LaTeXCH2017\texmfs\install\tex\generi
c\ifxetex\ifxetex.sty"
Package: ifxetex 2010/09/12 v0.6 Provides ifxetex conditional
)
("C:\Users\sathish\Desktop\LaTeX\Portable LaTeXCH2017\texmfs\install\tex\latex\
oberdiek\auxhook.sty"
Package: auxhook 2016/05/16 v1.4 Hooks for auxiliary files (HO)
)
("C:\Users\sathish\Desktop\LaTeX\Portable LaTeXCH2017\texmfs\install\tex\latex\
oberdiek\kvoptions.sty"
Package: kvoptions 2016/05/16 v3.12 Key value format for package options (HO)
)
\@linkdim=\dimen121
\Hy@linkcounter=\count132
\Hy@pagecounter=\count133

("C:\Users\sathish\Desktop\LaTeX\Portable LaTeXCH2017\texmfs\install\tex\latex\
hyperref\pd1enc.def"
File: pd1enc.def 2016/06/24 v6.83q Hyperref: PDFDocEncoding definition (HO)
Now handling font encoding PD1 ...
... no UTF-8 mapping file for font encoding PD1
)
\Hy@SavedSpaceFactor=\count134

("C:\Users\sathish\Desktop\LaTeX\Portable LaTeXCH2017\texmfs\install\tex\latex\
00miktex\hyperref.cfg"
File: hyperref.cfg 2002/06/06 v1.2 hyperref configuration of TeXLive
)
Package hyperref Info: Hyper figures OFF on input line 4486.
Package hyperref Info: Link nesting OFF on input line 4491.
Package hyperref Info: Hyper index ON on input line 4494.
Package hyperref Info: Plain pages OFF on input line 4501.
Package hyperref Info: Backreferencing OFF on input line 4506.
Package hyperref Info: Implicit mode ON; LaTeX internals redefined.
Package hyperref Info: Bookmarks ON on input line 4735.
\c@Hy@tempcnt=\count135

("C:\Users\sathish\Desktop\LaTeX\Portable LaTeXCH2017\texmfs\install\tex\latex\
url\url.sty"
\Urlmuskip=\muskip11
Package: url 2013/09/16  ver 3.4  Verb mode for urls, etc.
)
LaTeX Info: Redefining \url on input line 5088.
\XeTeXLinkMargin=\dimen122
\Fld@menulength=\count136
\Field@Width=\dimen123
\Fld@charsize=\dimen124
Package hyperref Info: Hyper figures OFF on input line 6342.
Package hyperref Info: Link nesting OFF on input line 6347.
Package hyperref Info: Hyper index ON on input line 6350.
Package hyperref Info: backreferencing OFF on input line 6357.
Package hyperref Info: Link coloring OFF on input line 6362.
Package hyperref Info: Link coloring with OCG OFF on input line 6367.
Package hyperref Info: PDF/A mode OFF on input line 6372.
LaTeX Info: Redefining \ref on input line 6412.
LaTeX Info: Redefining \pageref on input line 6416.
\Hy@abspage=\count137
\c@Item=\count138
\c@Hfootnote=\count139
)

Package hyperref Message: Driver (autodetected): hpdftex.


("C:\Users\sathish\Desktop\LaTeX\Portable LaTeXCH2017\texmfs\install\tex\latex\
hyperref\hpdftex.def"
File: hpdftex.def 2016/06/24 v6.83q Hyperref driver for pdfTeX
\Fld@listcount=\count140
\c@bookmark@seq@number=\count141

("C:\Users\sathish\Desktop\LaTeX\Portable LaTeXCH2017\texmfs\install\tex\latex\
oberdiek\rerunfilecheck.sty"
Package: rerunfilecheck 2016/05/16 v1.8 Rerun checks for auxiliary files (HO)
Package uniquecounter Info: New unique counter `rerunfilecheck' on input line 2
82.
)
\Hy@SectionHShift=\skip54
)
Package hyperref Info: Option `colorlinks' set `true' on input line 47.
\LeftFootSpace=\skip55
 ("ML beginner tutorial.aux"

LaTeX Warning: Label `fig:pic-9' multiply defined.

)
\openout1 = `"ML beginner tutorial.aux"'.

LaTeX Font Info:    Checking defaults for OML/cmm/m/it on input line 67.
LaTeX Font Info:    ... okay on input line 67.
LaTeX Font Info:    Checking defaults for T1/cmr/m/n on input line 67.
LaTeX Font Info:    ... okay on input line 67.
LaTeX Font Info:    Checking defaults for OT1/cmr/m/n on input line 67.
LaTeX Font Info:    ... okay on input line 67.
LaTeX Font Info:    Checking defaults for OMS/cmsy/m/n on input line 67.
LaTeX Font Info:    ... okay on input line 67.
LaTeX Font Info:    Checking defaults for OMX/cmex/m/n on input line 67.
LaTeX Font Info:    ... okay on input line 67.
LaTeX Font Info:    Checking defaults for U/cmr/m/n on input line 67.
LaTeX Font Info:    ... okay on input line 67.
LaTeX Font Info:    Checking defaults for PD1/pdf/m/n on input line 67.
LaTeX Font Info:    ... okay on input line 67.
LaTeX Font Info:    Try loading font information for OT1+ptm on input line 67.

("C:\Users\sathish\Desktop\LaTeX\Portable LaTeXCH2017\texmfs\install\tex\latex\
psnfss\ot1ptm.fd"
File: ot1ptm.fd 2001/06/04 font definitions for OT1/ptm.
)
("C:\Users\sathish\Desktop\LaTeX\Portable LaTeXCH2017\texmfs\install\tex\contex
t\base\supp-pdf.mkii"
[Loading MPS to PDF converter (version 2006.09.02).]
\scratchcounter=\count142
\scratchdimen=\dimen125
\scratchbox=\box31
\nofMPsegments=\count143
\nofMParguments=\count144
\everyMPshowfont=\toks23
\MPscratchCnt=\count145
\MPscratchDim=\dimen126
\MPnumerator=\count146
\makeMPintoPDFobject=\count147
\everyMPtoPDFconversion=\toks24
)
("C:\Users\sathish\Desktop\LaTeX\Portable LaTeXCH2017\texmfs\install\tex\latex\
oberdiek\epstopdf-base.sty"
Package: epstopdf-base 2016/05/15 v2.6 Base part for package epstopdf

("C:\Users\sathish\Desktop\LaTeX\Portable LaTeXCH2017\texmfs\install\tex\latex\
oberdiek\grfext.sty"
Package: grfext 2016/05/16 v1.2 Manage graphics extensions (HO)
)
Package epstopdf-base Info: Redefining graphics rule for `.eps' on input line 4
38.
Package grfext Info: Graphics extension search list:
(grfext)             [.png,.pdf,.jpg,.mps,.jpeg,.jbig2,.jb2,.PNG,.PDF,.JPG,.JPE
G,.JBIG2,.JB2,.eps]
(grfext)             \AppendGraphicsExtensions on input line 456.
)
\c@lstlisting=\count148
\AtBeginShipoutBox=\box32
Package hyperref Info: Link coloring ON on input line 67.

("C:\Users\sathish\Desktop\LaTeX\Portable LaTeXCH2017\texmfs\install\tex\latex\
hyperref\nameref.sty"
Package: nameref 2016/05/21 v2.44 Cross-referencing by name of section

("C:\Users\sathish\Desktop\LaTeX\Portable LaTeXCH2017\texmfs\install\tex\generi
c\oberdiek\gettitlestring.sty"
Package: gettitlestring 2016/05/16 v1.5 Cleanup title references (HO)
)
\c@section@level=\count149
)
LaTeX Info: Redefining \ref on input line 67.
LaTeX Info: Redefining \pageref on input line 67.
LaTeX Info: Redefining \nameref on input line 67.
 ("ML beginner tutorial.out")
("ML beginner tutorial.out")
\@outlinefile=\write3
\openout3 = `"ML beginner tutorial.out"'.

LaTeX Font Info:    Font shape `OT1/ptm/bx/n' in size <14.4> not available
(Font)              Font shape `OT1/ptm/b/n' tried instead on input line 69.
LaTeX Font Info:    Try loading font information for U+msa on input line 69.

("C:\Users\sathish\Desktop\LaTeX\Portable LaTeXCH2017\texmfs\install\tex\latex\
amsfonts\umsa.fd"
File: umsa.fd 2013/01/14 v3.01 AMS symbols A
)
LaTeX Font Info:    Try loading font information for U+msb on input line 69.

("C:\Users\sathish\Desktop\LaTeX\Portable LaTeXCH2017\texmfs\install\tex\latex\
amsfonts\umsb.fd"
File: umsb.fd 2013/01/14 v3.01 AMS symbols B
)
LaTeX Font Info:    Font shape `OT1/ptm/bx/n' in size <12> not available
(Font)              Font shape `OT1/ptm/b/n' tried instead on input line 70.
LaTeX Font Info:    Try loading font information for OT1+phv on input line 70.

("C:\Users\sathish\Desktop\LaTeX\Portable LaTeXCH2017\texmfs\install\tex\latex\
psnfss\ot1phv.fd"
File: ot1phv.fd 2001/06/04 scalable font definitions for OT1/phv.
)
LaTeX Font Info:    Font shape `OT1/phv/bx/n' in size <12> not available
(Font)              Font shape `OT1/phv/b/n' tried instead on input line 70.
 ("ML beginner tutorial.toc")
\tf@toc=\write4
\openout4 = `"ML beginner tutorial.toc"'.

 [1

{C:/Users/sathish/Desktop/LaTeX/Portable LaTeXCH2017/texmfs/data/pdftex/config/
pdftex.map}]
LaTeX Font Info:    Font shape `OT1/phv/bx/n' in size <10.95> not available
(Font)              Font shape `OT1/phv/b/n' tried instead on input line 73.

Underfull \hbox (badness 10000) in paragraph at lines 84--85

 []


! LaTeX Error: File `"pic 12"' not found.

See the LaTeX manual or LaTeX Companion for explanation.
Type  H <return>  for immediate help.
 ...                                              
                                                  
l.88 ...udegraphics[width=1.2\linewidth]{"pic 12"}
                                                  
I could not locate the file with any of these extensions:
.png,.pdf,.jpg,.mps,.jpeg,.jbig2,.jb2,.PNG,.PDF,.JPG,.JPEG,.JBIG2,.JB2,.eps
Try typing  <return>  to proceed.
If that doesn't work, type  X <return>  to quit.

[2]
Underfull \hbox (badness 10000) in paragraph at lines 93--94

 []


Underfull \hbox (badness 10000) in paragraph at lines 97--98

 []


! LaTeX Error: File `"pic 13"' not found.

See the LaTeX manual or LaTeX Companion for explanation.
Type  H <return>  for immediate help.
 ...                                              
                                                  
l.101 ...ludegraphics[width=1\linewidth]{"pic 13"}
                                                  
I could not locate the file with any of these extensions:
.png,.pdf,.jpg,.mps,.jpeg,.jbig2,.jb2,.PNG,.PDF,.JPG,.JPEG,.JBIG2,.JB2,.eps
Try typing  <return>  to proceed.
If that doesn't work, type  X <return>  to quit.


! LaTeX Error: File `"pic 14"' not found.

See the LaTeX manual or LaTeX Companion for explanation.
Type  H <return>  for immediate help.
 ...                                              
                                                  
l.109 ...ludegraphics[width=1\linewidth]{"pic 14"}
                                                  
I could not locate the file with any of these extensions:
.png,.pdf,.jpg,.mps,.jpeg,.jbig2,.jb2,.PNG,.PDF,.JPG,.JPEG,.JBIG2,.JB2,.eps
Try typing  <return>  to proceed.
If that doesn't work, type  X <return>  to quit.

[3]
Underfull \hbox (badness 10000) in paragraph at lines 127--129

 []


Underfull \hbox (badness 10000) in paragraph at lines 132--134

 []

LaTeX Font Info:    Try loading font information for OMS+ptm on input line 136.


("C:\Users\sathish\Desktop\LaTeX\Portable LaTeXCH2017\texmfs\install\tex\latex\
psnfss\omsptm.fd"
File: omsptm.fd 
)
LaTeX Font Info:    Font shape `OMS/ptm/m/n' in size <12> not available
(Font)              Font shape `OMS/cmsy/m/n' tried instead on input line 136.

Underfull \hbox (badness 10000) in paragraph at lines 151--154

 []


Underfull \hbox (badness 10000) in paragraph at lines 151--154

 []

[4]
LaTeX Font Info:    Font shape `OT1/ptm/bx/it' in size <12> not available
(Font)              Font shape `OT1/ptm/b/it' tried instead on input line 183.

Underfull \hbox (badness 10000) in paragraph at lines 180--185

 []

[5]
("C:\Users\sathish\Desktop\LaTeX\Portable LaTeXCH2017\texmfs\install\tex\latex\
listings\lstlang1.sty"
File: lstlang1.sty 2015/06/04 1.6 listings language file
)
Underfull \hbox (badness 10000) in paragraph at lines 194--198

 []

LaTeX Font Info:    Font shape `OMS/ptm/m/n' in size <10> not available
(Font)              Font shape `OMS/cmsy/m/n' tried instead on input line 211.

("C:\Users\sathish\Desktop\LaTeX\Portable LaTeXCH2017\texmfs\install\tex\latex\
listings\lstlang1.sty"
File: lstlang1.sty 2015/06/04 1.6 listings language file
)
("C:\Users\sathish\Desktop\LaTeX\Portable LaTeXCH2017\texmfs\install\tex\latex\
listings\lstlang2.sty"
File: lstlang2.sty 2015/06/04 1.6 listings language file
)
("C:\Users\sathish\Desktop\LaTeX\Portable LaTeXCH2017\texmfs\install\tex\latex\
listings\lstlang3.sty"
File: lstlang3.sty 2015/06/04 1.6 listings language file
)
LaTeX Font Info:    Try loading font information for OML+ptm on input line 220.


("C:\Users\sathish\Desktop\LaTeX\Portable LaTeXCH2017\texmfs\install\tex\latex\
psnfss\omlptm.fd"
File: omlptm.fd 
)
LaTeX Font Info:    Font shape `OML/ptm/m/n' in size <10> not available
(Font)              Font shape `OML/cmm/m/it' tried instead on input line 220.

Underfull \hbox (badness 10000) in paragraph at lines 240--250

 []


Underfull \hbox (badness 10000) in paragraph at lines 240--250

 []

[6]
Underfull \hbox (badness 10000) in paragraph at lines 279--286

 []


Underfull \hbox (badness 10000) in paragraph at lines 287--290

 []


Underfull \hbox (badness 10000) in paragraph at lines 287--290

 []

[7]
Underfull \hbox (badness 10000) in paragraph at lines 318--323

 []


Underfull \hbox (badness 10000) in paragraph at lines 324--330

 []


! LaTeX Error: File `pic3' not found.

See the LaTeX manual or LaTeX Companion for explanation.
Type  H <return>  for immediate help.
 ...                                              
                                                  
l.335 	\includegraphics[width=0.9\linewidth]{pic3}
                                                  
I could not locate the file with any of these extensions:
.png,.pdf,.jpg,.mps,.jpeg,.jbig2,.jb2,.PNG,.PDF,.JPG,.JPEG,.JBIG2,.JB2,.eps
Try typing  <return>  to proceed.
If that doesn't work, type  X <return>  to quit.

[8]

! LaTeX Error: File `"pic 4"' not found.

See the LaTeX manual or LaTeX Companion for explanation.
Type  H <return>  for immediate help.
 ...                                              
                                                  
l.346 ...udegraphics[width=0.9\linewidth]{"pic 4"}
                                                  
I could not locate the file with any of these extensions:
.png,.pdf,.jpg,.mps,.jpeg,.jbig2,.jb2,.PNG,.PDF,.JPG,.JPEG,.JBIG2,.JB2,.eps
Try typing  <return>  to proceed.
If that doesn't work, type  X <return>  to quit.

[9]
Underfull \hbox (badness 10000) in paragraph at lines 381--384

 []


Underfull \hbox (badness 10000) in paragraph at lines 381--384

 []

[10]
Underfull \hbox (badness 10000) in paragraph at lines 411--413

 []


Underfull \hbox (badness 10000) in paragraph at lines 411--413

 []

[11]

! LaTeX Error: File `"pic 5"' not found.

See the LaTeX manual or LaTeX Companion for explanation.
Type  H <return>  for immediate help.
 ...                                              
                                                  
l.437 ...udegraphics[width=0.7\linewidth]{"pic 5"}
                                                  
I could not locate the file with any of these extensions:
.png,.pdf,.jpg,.mps,.jpeg,.jbig2,.jb2,.PNG,.PDF,.JPG,.JPEG,.JBIG2,.JB2,.eps
Try typing  <return>  to proceed.
If that doesn't work, type  X <return>  to quit.


Underfull \hbox (badness 10000) in paragraph at lines 444--445

 []

[12]

! LaTeX Error: File `"pic 7"' not found.

See the LaTeX manual or LaTeX Companion for explanation.
Type  H <return>  for immediate help.
 ...                                              
                                                  
l.449 ...udegraphics[width=0.7\linewidth]{"pic 7"}
                                                  
I could not locate the file with any of these extensions:
.png,.pdf,.jpg,.mps,.jpeg,.jbig2,.jb2,.PNG,.PDF,.JPG,.JPEG,.JBIG2,.JB2,.eps
Try typing  <return>  to proceed.
If that doesn't work, type  X <return>  to quit.


! LaTeX Error: File `"pic 8"' not found.

See the LaTeX manual or LaTeX Companion for explanation.
Type  H <return>  for immediate help.
 ...                                              
                                                  
l.457 ...udegraphics[width=0.7\linewidth]{"pic 8"}
                                                  
I could not locate the file with any of these extensions:
.png,.pdf,.jpg,.mps,.jpeg,.jbig2,.jb2,.PNG,.PDF,.JPG,.JPEG,.JBIG2,.JB2,.eps
Try typing  <return>  to proceed.
If that doesn't work, type  X <return>  to quit.

[13]

! LaTeX Error: File `"pic 9"' not found.

See the LaTeX manual or LaTeX Companion for explanation.
Type  H <return>  for immediate help.
 ...                                              
                                                  
l.465 ...udegraphics[width=0.7\linewidth]{"pic 9"}
                                                  
I could not locate the file with any of these extensions:
.png,.pdf,.jpg,.mps,.jpeg,.jbig2,.jb2,.PNG,.PDF,.JPG,.JPEG,.JBIG2,.JB2,.eps
Try typing  <return>  to proceed.
If that doesn't work, type  X <return>  to quit.


! LaTeX Error: File `"pic 10"' not found.

See the LaTeX manual or LaTeX Companion for explanation.
Type  H <return>  for immediate help.
 ...                                              
                                                  
l.473 ...degraphics[width=0.7\linewidth]{"pic 10"}
                                                  
I could not locate the file with any of these extensions:
.png,.pdf,.jpg,.mps,.jpeg,.jbig2,.jb2,.PNG,.PDF,.JPG,.JPEG,.JBIG2,.JB2,.eps
Try typing  <return>  to proceed.
If that doesn't work, type  X <return>  to quit.


Underfull \hbox (badness 10000) in paragraph at lines 478--479

 []


Underfull \hbox (badness 10000) in paragraph at lines 483--484

 []

[14]
Underfull \hbox (badness 10000) in paragraph at lines 490--492

 []

[15] [16]
Underfull \hbox (badness 10000) in paragraph at lines 591--593

 []


Underfull \hbox (badness 10000) in paragraph at lines 591--593

 []


Underfull \hbox (badness 10000) in paragraph at lines 591--593

 []


Overfull \hbox (63.12083pt too wide) in paragraph at lines 598--599
[][][]\OT1/ptm/m/n/12 http://www.aihorizon.com/essays/generalai/supervised[]uns
upervised[]machine[]learning.htm[][] 
 []


Overfull \hbox (18.46964pt too wide) in paragraph at lines 599--600
[][][]\OT1/ptm/m/n/12 https://www.analyticsvidhya.com/blog/2016/11/an-introduct
ion-to-clustering-and-
 []


Overfull \hbox (46.74121pt too wide) in paragraph at lines 600--601
[][][]\OT1/ptm/m/n/12 https://www.datacamp.com/community/tutorials/machine-lear
ning-python#gs.4f2UCnU[][] 
 []


Overfull \hbox (27.81726pt too wide) in paragraph at lines 603--604
[][][]\OT1/ptm/m/n/12 https://www.toptal.com/machine-learning/machine-learning-
theory-an-introductory-
 []


Overfull \hbox (15.61263pt too wide) in paragraph at lines 604--605
[][][]\OT1/ptm/m/n/12 https://discuss.analyticsvidhya.com/t/decision-tree-with-
continuous-variables/201[][] 
 []


Overfull \hbox (41.2435pt too wide) in paragraph at lines 608--609
[][][]\OT1/ptm/m/n/12 https://sites.google.com/site/dataclusteringalgorithms/hi
erarchical-clustering-algorithm[][] 
 []

Package atveryend Info: Empty hook `BeforeClearDocument' on input line 615.
[17]
Package atveryend Info: Empty hook `AfterLastShipout' on input line 615.
 ("ML beginner tutorial.aux")
Package atveryend Info: Executing hook `AtVeryEndDocument' on input line 615.
Package atveryend Info: Executing hook `AtEndAfterFileList' on input line 615.
Package rerunfilecheck Info: File `"ML beginner tutorial".out' has not changed.

(rerunfilecheck)             Checksum: 086296315E545A92B2F0BF0AA862E2B8;890.


LaTeX Warning: There were multiply-defined labels.

Package atveryend Info: Empty hook `AtVeryVeryEnd' on input line 615.
 )
(\end occurred inside a group at level 1)

### simple group (level 1) entered at line 430 ({)
### bottom level 
Here is how much of TeX's memory you used:
 10209 strings out of 493333
 145090 string characters out of 3136199
 397449 words of memory out of 3000000
 13279 multiletter control sequences out of 15000+200000
 28952 words of font info for 64 fonts, out of 3000000 for 9000
 1141 hyphenation exceptions out of 8191
 29i,6n,42p,889b,2021s stack positions out of 5000i,500n,10000p,200000b,50000s
{C:/Users/sathish/Desktop/LaTeX/Portable LaTeXCH2017/texmfs/ins
tall/fonts/enc/dvips/base/8r.enc}<C:/Users/sathish/Desktop/LaTeX/Portable LaTeX
CH2017/texmfs/install/fonts/type1/public/amsfonts/cm/cmmi10.pfb><C:/Users/sathi
sh/Desktop/LaTeX/Portable LaTeXCH2017/texmfs/install/fonts/type1/public/amsfont
s/cm/cmsy10.pfb><C:/Users/sathish/Desktop/LaTeX/Portable LaTeXCH2017/texmfs/ins
tall/fonts/type1/urw/helvetic/uhvb8a.pfb><C:/Users/sathish/Desktop/LaTeX/Portab
le LaTeXCH2017/texmfs/install/fonts/type1/urw/times/utmb8a.pfb><C:/Users/sathis
h/Desktop/LaTeX/Portable LaTeXCH2017/texmfs/install/fonts/type1/urw/times/utmbi
8a.pfb><C:/Users/sathish/Desktop/LaTeX/Portable LaTeXCH2017/texmfs/install/font
s/type1/urw/times/utmr8a.pfb><C:/Users/sathish/Desktop/LaTeX/Portable LaTeXCH20
17/texmfs/install/fonts/type1/urw/times/utmri8a.pfb>
Output written on "ML beginner tutorial.pdf" (17 pages, 178160 bytes).
PDF statistics:
 512 PDF objects out of 1000 (max. 8388607)
 274 named destinations out of 1000 (max. 500000)
 121 words of extra memory for PDF output out of 10000 (max. 10000000)

